


ARM Macro Assembler    Page 1 


    1 00000000         ;//*****************************************************
                       ************************
    2 00000000         ;//
    3 00000000         ;// Copyright (C) 2012 - 2017 Texas Instruments Incorpor
                       ated - http://www.ti.com/
    4 00000000         ;//
    5 00000000         ;// Redistribution and use in source and binary forms, w
                       ith or without
    6 00000000         ;// modification, are permitted provided that the follow
                       ing conditions
    7 00000000         ;// are met:
    8 00000000         ;//
    9 00000000         ;//  Redistributions of source code must retain the abov
                       e copyright
   10 00000000         ;//  notice, this list of conditions and the following d
                       isclaimer.
   11 00000000         ;//
   12 00000000         ;//  Redistributions in binary form must reproduce the a
                       bove copyright
   13 00000000         ;//  notice, this list of conditions and the following d
                       isclaimer in the
   14 00000000         ;//  documentation and/or other materials provided with 
                       the
   15 00000000         ;//  distribution.
   16 00000000         ;//
   17 00000000         ;//  Neither the name of Texas Instruments Incorporated 
                       nor the names of
   18 00000000         ;//  its contributors may be used to endorse or promote 
                       products derived
   19 00000000         ;//  from this software without specific prior written p
                       ermission.
   20 00000000         ;//
   21 00000000         ;// THIS SOFTWARE IS PROVIDED BY THE COPYRIGHT HOLDERS A
                       ND CONTRIBUTORS
   22 00000000         ;// "AS IS" AND ANY EXPRESS OR IMPLIED WARRANTIES, INCLU
                       DING, BUT NOT
   23 00000000         ;// LIMITED TO, THE IMPLIED WARRANTIES OF MERCHANTABILIT
                       Y AND FITNESS FOR
   24 00000000         ;// A PARTICULAR PURPOSE ARE DISCLAIMED. IN NO EVENT SHA
                       LL THE COPYRIGHT
   25 00000000         ;// OWNER OR CONTRIBUTORS BE LIABLE FOR ANY DIRECT, INDI
                       RECT, INCIDENTAL,
   26 00000000         ;// SPECIAL, EXEMPLARY, OR CONSEQUENTIAL DAMAGES (INCLUD
                       ING, BUT NOT
   27 00000000         ;// LIMITED TO, PROCUREMENT OF SUBSTITUTE GOODS OR SERVI
                       CES; LOSS OF USE,
   28 00000000         ;// DATA, OR PROFITS; OR BUSINESS INTERRUPTION) HOWEVER 
                       CAUSED AND ON ANY
   29 00000000         ;// THEORY OF LIABILITY, WHETHER IN CONTRACT, STRICT LIA
                       BILITY, OR TORT
   30 00000000         ;// (INCLUDING NEGLIGENCE OR OTHERWISE) ARISING IN ANY W
                       AY OUT OF THE USE
   31 00000000         ;// OF THIS SOFTWARE, EVEN IF ADVISED OF THE POSSIBILITY
                        OF SUCH DAMAGE.
   32 00000000         ;//
   33 00000000         ;// MSP432E4 startup file
   34 00000000         ;//
   35 00000000         ;//*****************************************************
                       ***********************



ARM Macro Assembler    Page 2 


   36 00000000         ;//-------- <<< Use Configuration Wizard in Context Menu
                        >>> ------------------
   37 00000000         ;*/
   38 00000000         
   39 00000000         ; <h> Stack Configuration
   40 00000000         ;   <o> Stack Size (in Bytes) <0x0-0xFFFFFFFF:8>
   41 00000000         ; </h>
   42 00000000         
   43 00000000 00000200 
                       Stack_Size
                               EQU              0x00000200
   44 00000000         
   45 00000000                 AREA             STACK, NOINIT, READWRITE, ALIGN
=3
   46 00000000         Stack_Mem
                               SPACE            Stack_Size
   47 00000200         __initial_sp
   48 00000200         
   49 00000200         
   50 00000200         ; <h> Heap Configuration
   51 00000200         ;   <o>  Heap Size (in Bytes) <0x0-0xFFFFFFFF:8>
   52 00000200         ; </h>
   53 00000200         
   54 00000200 00000000 
                       Heap_Size
                               EQU              0x00000000
   55 00000200         
   56 00000200                 AREA             HEAP, NOINIT, READWRITE, ALIGN=
3
   57 00000000         __heap_base
   58 00000000         Heap_Mem
                               SPACE            Heap_Size
   59 00000000         __heap_limit
   60 00000000         
   61 00000000         
   62 00000000                 PRESERVE8
   63 00000000                 THUMB
   64 00000000         
   65 00000000         
   66 00000000         ; Vector Table Mapped to Address 0 at Reset
   67 00000000         
   68 00000000                 AREA             RESET, DATA, READONLY
   69 00000000                 EXPORT           __Vectors
   70 00000000                 EXPORT           __Vectors_End
   71 00000000                 EXPORT           __Vectors_Size
   72 00000000         
   73 00000000 00000000 
                       __Vectors
                               DCD              __initial_sp ; Top of Stack
   74 00000004 00000000        DCD              Reset_Handler ; Reset Handler
   75 00000008 00000000        DCD              NMI_Handler ; NMI Handler
   76 0000000C 00000000        DCD              HardFault_Handler ; Hard Fault 
                                                            Handler
   77 00000010 00000000        DCD              MemManage_Handler 
                                                            ; MPU Fault Handler
                                                            
   78 00000014 00000000        DCD              BusFault_Handler 
                                                            ; Bus Fault Handler
                                                            



ARM Macro Assembler    Page 3 


   79 00000018 00000000        DCD              UsageFault_Handler ; Usage Faul
                                                            t Handler
   80 0000001C 00000000        DCD              0           ;  
   81 00000020 00000000        DCD              0           ;  
   82 00000024 00000000        DCD              0           ;  
   83 00000028 00000000        DCD              0           ;  
   84 0000002C 00000000        DCD              SVC_Handler ; SVCall Handler
   85 00000030 00000000        DCD              DebugMon_Handler ; Debug Monito
                                                            r Handler
   86 00000034 00000000        DCD              0           ;  
   87 00000038 00000000        DCD              PendSV_Handler ; PendSV Handler
                                                            
   88 0000003C 00000000        DCD              SysTick_Handler 
                                                            ; SysTick Handler
   89 00000040         
   90 00000040         ; External Interrupts
   91 00000040 00000000        DCD              GPIOA_IRQHandler 
                                                            ;  0:  GPIO Port A
   92 00000044 00000000        DCD              GPIOB_IRQHandler 
                                                            ;  1:  GPIO Port B
   93 00000048 00000000        DCD              GPIOC_IRQHandler 
                                                            ;  2:  GPIO Port C
   94 0000004C 00000000        DCD              GPIOD_IRQHandler 
                                                            ;  3:  GPIO Port D
   95 00000050 00000000        DCD              GPIOE_IRQHandler 
                                                            ;  4:  GPIO Port E
   96 00000054 00000000        DCD              UART0_IRQHandler ;  5:  UART0 R
                                                            x and Tx
   97 00000058 00000000        DCD              UART1_IRQHandler ;  6:  UART1 R
                                                            x and Tx
   98 0000005C 00000000        DCD              SSI0_IRQHandler ;  7:  SSI0 Rx 
                                                            and Tx
   99 00000060 00000000        DCD              I2C0_IRQHandler ;  8:  I2C0 Mas
                                                            ter and Slave
  100 00000064 00000000        DCD              PWM0_FAULT_IRQHandler 
                                                            ;  9:  PWM Fault
  101 00000068 00000000        DCD              PWM0_0_IRQHandler ; 10:  PWM Ge
                                                            nerator 0
  102 0000006C 00000000        DCD              PWM0_1_IRQHandler ; 11:  PWM Ge
                                                            nerator 1
  103 00000070 00000000        DCD              PWM0_2_IRQHandler ; 12:  PWM Ge
                                                            nerator 2
  104 00000074 00000000        DCD              QEI0_IRQHandler ; 13:  Quadratu
                                                            re Encoder 0
  105 00000078 00000000        DCD              ADC0SS0_IRQHandler ; 14:  ADC S
                                                            equence 0
  106 0000007C 00000000        DCD              ADC0SS1_IRQHandler ; 15:  ADC S
                                                            equence 1
  107 00000080 00000000        DCD              ADC0SS2_IRQHandler ; 16:  ADC S
                                                            equence 2
  108 00000084 00000000        DCD              ADC0SS3_IRQHandler ; 17:  ADC S
                                                            equence 3
  109 00000088 00000000        DCD              WATCHDOG_IRQHandler ; 18:  Watc
                                                            hdog timer 
  110 0000008C 00000000        DCD              TIMER0A_IRQHandler ; 19:  Timer
                                                             0 subtimer A
  111 00000090 00000000        DCD              TIMER0B_IRQHandler ; 20:  Timer
                                                             0 subtimer B
  112 00000094 00000000        DCD              TIMER1A_IRQHandler ; 21:  Timer



ARM Macro Assembler    Page 4 


                                                             1 subtimer A
  113 00000098 00000000        DCD              TIMER1B_IRQHandler ; 22:  Timer
                                                             1 subtimer B
  114 0000009C 00000000        DCD              TIMER2A_IRQHandler ; 23:  Timer
                                                             2 subtimer A
  115 000000A0 00000000        DCD              TIMER2B_IRQHandler ; 24:  Timer
                                                             2 subtimer B
  116 000000A4 00000000        DCD              COMP0_IRQHandler ; 25:  Analog 
                                                            Comparator 0
  117 000000A8 00000000        DCD              COMP1_IRQHandler ; 26:  Analog 
                                                            Comparator 1
  118 000000AC 00000000        DCD              COMP2_IRQHandler ; 27:  Analog 
                                                            Comparator 2
  119 000000B0 00000000        DCD              SYSCTL_IRQHandler ; 28:  System
                                                             Control
  120 000000B4 00000000        DCD              FLASH_IRQHandler ; 29:  FLASH C
                                                            ontrol
  121 000000B8 00000000        DCD              GPIOF_IRQHandler 
                                                            ; 30:  GPIO Port F
  122 000000BC 00000000        DCD              GPIOG_IRQHandler 
                                                            ; 31:  GPIO Port G
  123 000000C0 00000000        DCD              GPIOH_IRQHandler 
                                                            ; 32:  GPIO Port H
  124 000000C4 00000000        DCD              UART2_IRQHandler ; 33:  UART2 R
                                                            x and Tx
  125 000000C8 00000000        DCD              SSI1_IRQHandler ; 34:  SSI1 Rx 
                                                            and Tx
  126 000000CC 00000000        DCD              TIMER3A_IRQHandler ; 35:  Timer
                                                             3 subtimer A
  127 000000D0 00000000        DCD              TIMER3B_IRQHandler ; 36:  Timer
                                                             3 subtimer B
  128 000000D4 00000000        DCD              I2C1_IRQHandler ; 37:  I2C1 Mas
                                                            ter and Slave
  129 000000D8 00000000        DCD              CAN0_IRQHandler ; 38:  CAN0
  130 000000DC 00000000        DCD              CAN1_IRQHandler ; 39:  CAN1
  131 000000E0 00000000        DCD              EMAC0_IRQHandler 
                                                            ; 40:  Ethernet
  132 000000E4 00000000        DCD              HIBERNATE_IRQHandler 
                                                            ; 41:  Hibernate
  133 000000E8 00000000        DCD              USB0_IRQHandler ; 42:  USB0
  134 000000EC 00000000        DCD              PWM0_3_IRQHandler ; 43:  PWM Ge
                                                            nerator 3
  135 000000F0 00000000        DCD              UDMA_IRQHandler ; 44:  uDMA Sof
                                                            tware Transfer    
  136 000000F4 00000000        DCD              UDMAERR_IRQHandler ; 45:  uDMA 
                                                            Error   
  137 000000F8 00000000        DCD              ADC1SS0_IRQHandler ; 46:  ADC1 
                                                            Sequence 0
  138 000000FC 00000000        DCD              ADC1SS1_IRQHandler ; 47:  ADC1 
                                                            Sequence 1
  139 00000100 00000000        DCD              ADC1SS2_IRQHandler ; 48:  ADC1 
                                                            Sequence 2
  140 00000104 00000000        DCD              ADC1SS3_IRQHandler ; 49:  ADC1 
                                                            Sequence 3
  141 00000108 00000000        DCD              EPI0_IRQHandler ; 50:  External
                                                             Bus Interface 0 
  142 0000010C 00000000        DCD              GPIOJ_IRQHandler 
                                                            ; 51:  GPIO Port J
  143 00000110 00000000        DCD              GPIOK_IRQHandler 



ARM Macro Assembler    Page 5 


                                                            ; 52:  GPIO Port K
  144 00000114 00000000        DCD              GPIOL_IRQHandler 
                                                            ; 53:  GPIO Port L
  145 00000118 00000000        DCD              SSI2_IRQHandler ; 54:  SSI2 Rx 
                                                            and Tx
  146 0000011C 00000000        DCD              SSI3_IRQHandler ; 55:  SSI3 Rx 
                                                            and Tx
  147 00000120 00000000        DCD              UART3_IRQHandler ; 56:  UART3 R
                                                            x and Tx
  148 00000124 00000000        DCD              UART4_IRQHandler ; 57:  UART4 R
                                                            x and Tx
  149 00000128 00000000        DCD              UART5_IRQHandler ; 58:  UART5 R
                                                            x and Tx
  150 0000012C 00000000        DCD              UART6_IRQHandler ; 59:  UART6 R
                                                            x and Tx
  151 00000130 00000000        DCD              UART7_IRQHandler ; 60:  UART7 R
                                                            x and Tx
  152 00000134 00000000        DCD              I2C2_IRQHandler ; 61:  I2C2 Mas
                                                            ter and Slave
  153 00000138 00000000        DCD              I2C3_IRQHandler ; 62:  I2C3 Mas
                                                            ter and Slave
  154 0000013C 00000000        DCD              TIMER4A_IRQHandler ; 63:  Timer
                                                             4 subtimer A
  155 00000140 00000000        DCD              TIMER4B_IRQHandler ; 64:  Timer
                                                             4 subtimer B
  156 00000144 00000000        DCD              TIMER5A_IRQHandler ; 65:  Timer
                                                             5 subtimer A 
  157 00000148 00000000        DCD              TIMER5B_IRQHandler ; 66:  Timer
                                                             5 subtimer B
  158 0000014C 00000000        DCD              SYSEXC_IRQHandler 
                                                            ; 67:  FPU     
  159 00000150 00000000        DCD              0           ; 68:  Reserved
  160 00000154 00000000        DCD              0           ; 69:  Reserved
  161 00000158 00000000        DCD              I2C4_IRQHandler ; 70:  I2C4 Mas
                                                            ter and Slave
  162 0000015C 00000000        DCD              I2C5_IRQHandler ; 71:  I2C5 Mas
                                                            ter and Slave
  163 00000160 00000000        DCD              GPIOM_IRQHandler 
                                                            ; 72:  GPIO Port M
  164 00000164 00000000        DCD              GPION_IRQHandler 
                                                            ; 73:  GPIO Port N
  165 00000168 00000000        DCD              0           ; 74:  Reserved
  166 0000016C 00000000        DCD              TAMPER0_IRQHandler 
                                                            ; 75:  Tamper
  167 00000170 00000000        DCD              GPIOP0_IRQHandler ; 76:  GPIO P
                                                            ort P(Summary or P0
                                                            )
  168 00000174 00000000        DCD              GPIOP1_IRQHandler 
                                                            ; 77:  GPIO Port P1
                                                            
  169 00000178 00000000        DCD              GPIOP2_IRQHandler 
                                                            ; 78:  GPIO Port P2
                                                            
  170 0000017C 00000000        DCD              GPIOP3_IRQHandler 
                                                            ; 79:  GPIO Port P3
                                                            
  171 00000180 00000000        DCD              GPIOP4_IRQHandler 
                                                            ; 80:  GPIO Port P4
                                                            



ARM Macro Assembler    Page 6 


  172 00000184 00000000        DCD              GPIOP5_IRQHandler 
                                                            ; 81:  GPIO Port P5
                                                            
  173 00000188 00000000        DCD              GPIOP6_IRQHandler 
                                                            ; 82:  GPIO Port P6
                                                            
  174 0000018C 00000000        DCD              GPIOP7_IRQHandler 
                                                            ; 83:  GPIO Port P7
                                                            
  175 00000190 00000000        DCD              GPIOQ0_IRQHandler 
                                                            ; 84:  GPIO Port Q0
                                                            
  176 00000194 00000000        DCD              GPIOQ1_IRQHandler 
                                                            ; 85:  GPIO Port Q1
                                                            
  177 00000198 00000000        DCD              GPIOQ2_IRQHandler 
                                                            ; 86:  GPIO Port Q2
                                                            
  178 0000019C 00000000        DCD              GPIOQ3_IRQHandler 
                                                            ; 87:  GPIO Port Q3
                                                            
  179 000001A0 00000000        DCD              GPIOQ4_IRQHandler 
                                                            ; 88:  GPIO Port Q4
                                                            
  180 000001A4 00000000        DCD              GPIOQ5_IRQHandler 
                                                            ; 89:  GPIO Port Q5
                                                            
  181 000001A8 00000000        DCD              GPIOQ6_IRQHandler 
                                                            ; 90:  GPIO Port Q6
                                                            
  182 000001AC 00000000        DCD              GPIOQ7_IRQHandler 
                                                            ; 91:  GPIO Port Q7
                                                            
  183 000001B0 00000000        DCD              0           ; 92:  Reserved
  184 000001B4 00000000        DCD              0           ; 93:  Reserved
  185 000001B8 00000000        DCD              SHA0_IRQHandler 
                                                            ; 94:  SHA/MD5 0 
  186 000001BC 00000000        DCD              AES0_IRQHandler ; 95:  AES 0
  187 000001C0 00000000        DCD              DES0_IRQHandler 
                                                            ; 96:  DES3DES 0
  188 000001C4 00000000        DCD              0           ; 97:  Reserved
  189 000001C8 00000000        DCD              TIMER6A_IRQHandler ; 98:  Timer
                                                             6 subtimer A
  190 000001CC 00000000        DCD              TIMER6B_IRQHandler ; 99:  Timer
                                                             6 subtimer B
  191 000001D0 00000000        DCD              TIMER7A_IRQHandler ;100:  Timer
                                                             7 subtimer A
  192 000001D4 00000000        DCD              TIMER7B_IRQHandler ;101:  Timer
                                                             7 subtimer B
  193 000001D8 00000000        DCD              I2C6_IRQHandler ;102:  I2C6 Mas
                                                            ter and Slave
  194 000001DC 00000000        DCD              I2C7_IRQHandler ;103:  I2C7 Mas
                                                            ter and Slave
  195 000001E0 00000000        DCD              0           ;104:  Reserved
  196 000001E4 00000000        DCD              0           ;105:  Reserved
  197 000001E8 00000000        DCD              0           ;106:  Reserved
  198 000001EC 00000000        DCD              0           ;107:  Reserved
  199 000001F0 00000000        DCD              0           ;108:  Reserved
  200 000001F4 00000000        DCD              I2C8_IRQHandler ;109:  I2C8 Mas



ARM Macro Assembler    Page 7 


                                                            ter and Slave
  201 000001F8 00000000        DCD              I2C9_IRQHandler ;110:  I2C9 Mas
                                                            ter and Slave
  202 000001FC         
  203 000001FC         __Vectors_End
  204 000001FC         
  205 000001FC 000001FC 
                       __Vectors_Size
                               EQU              __Vectors_End - __Vectors
  206 000001FC         
  207 000001FC                 AREA             |.text|, CODE, READONLY
  208 00000000         
  209 00000000         
  210 00000000         ; Reset Handler
  211 00000000         
  212 00000000         Reset_Handler
                               PROC
  213 00000000                 EXPORT           Reset_Handler             [WEAK
]
  214 00000000                 IMPORT           SystemInit
  215 00000000                 IMPORT           __main
  216 00000000 4809            LDR              R0, =SystemInit
  217 00000002 4780            BLX              R0
  218 00000004 4809            LDR              R0, =__main
  219 00000006 4700            BX               R0
  220 00000008                 ENDP
  221 00000008         
  222 00000008         
  223 00000008         ; Dummy Exception Handlers (infinite loops which can be 
                       modified)
  224 00000008         
  225 00000008         NMI_Handler
                               PROC
  226 00000008                 EXPORT           NMI_Handler               [WEAK
]
  227 00000008 E7FE            B                .
  228 0000000A                 ENDP
  230 0000000A         HardFault_Handler
                               PROC
  231 0000000A                 EXPORT           HardFault_Handler         [WEAK
]
  232 0000000A E7FE            B                .
  233 0000000C                 ENDP
  235 0000000C         MemManage_Handler
                               PROC
  236 0000000C                 EXPORT           MemManage_Handler         [WEAK
]
  237 0000000C E7FE            B                .
  238 0000000E                 ENDP
  240 0000000E         BusFault_Handler
                               PROC
  241 0000000E                 EXPORT           BusFault_Handler          [WEAK
]
  242 0000000E E7FE            B                .
  243 00000010                 ENDP
  245 00000010         UsageFault_Handler
                               PROC
  246 00000010                 EXPORT           UsageFault_Handler        [WEAK
]



ARM Macro Assembler    Page 8 


  247 00000010 E7FE            B                .
  248 00000012                 ENDP
  249 00000012         SVC_Handler
                               PROC
  250 00000012                 EXPORT           SVC_Handler               [WEAK
]
  251 00000012 E7FE            B                .
  252 00000014                 ENDP
  254 00000014         DebugMon_Handler
                               PROC
  255 00000014                 EXPORT           DebugMon_Handler          [WEAK
]
  256 00000014 E7FE            B                .
  257 00000016                 ENDP
  258 00000016         PendSV_Handler
                               PROC
  259 00000016                 EXPORT           PendSV_Handler            [WEAK
]
  260 00000016 E7FE            B                .
  261 00000018                 ENDP
  262 00000018         SysTick_Handler
                               PROC
  263 00000018                 EXPORT           SysTick_Handler           [WEAK
]
  264 00000018 E7FE            B                .
  265 0000001A                 ENDP
  266 0000001A         
  267 0000001A         Default_Handler
                               PROC
  268 0000001A                 EXPORT           GPIOA_IRQHandler           [WEA
K]
  269 0000001A                 EXPORT           GPIOB_IRQHandler           [WEA
K]
  270 0000001A                 EXPORT           GPIOC_IRQHandler           [WEA
K]
  271 0000001A                 EXPORT           GPIOD_IRQHandler           [WEA
K]
  272 0000001A                 EXPORT           GPIOE_IRQHandler           [WEA
K]
  273 0000001A                 EXPORT           UART0_IRQHandler           [WEA
K]
  274 0000001A                 EXPORT           UART1_IRQHandler           [WEA
K]
  275 0000001A                 EXPORT           SSI0_IRQHandler            [WEA
K]
  276 0000001A                 EXPORT           I2C0_IRQHandler            [WEA
K]
  277 0000001A                 EXPORT           PWM0_FAULT_IRQHandler      [WEA
K]
  278 0000001A                 EXPORT           PWM0_0_IRQHandler          [WEA
K]
  279 0000001A                 EXPORT           PWM0_1_IRQHandler          [WEA
K]
  280 0000001A                 EXPORT           PWM0_2_IRQHandler          [WEA
K]
  281 0000001A                 EXPORT           QEI0_IRQHandler            [WEA
K]
  282 0000001A                 EXPORT           ADC0SS0_IRQHandler         [WEA
K]



ARM Macro Assembler    Page 9 


  283 0000001A                 EXPORT           ADC0SS1_IRQHandler         [WEA
K]
  284 0000001A                 EXPORT           ADC0SS2_IRQHandler         [WEA
K]
  285 0000001A                 EXPORT           ADC0SS3_IRQHandler         [WEA
K]
  286 0000001A                 EXPORT           WATCHDOG_IRQHandler        [WEA
K]
  287 0000001A                 EXPORT           TIMER0A_IRQHandler         [WEA
K]
  288 0000001A                 EXPORT           TIMER0B_IRQHandler         [WEA
K]
  289 0000001A                 EXPORT           TIMER1A_IRQHandler         [WEA
K]
  290 0000001A                 EXPORT           TIMER1B_IRQHandler         [WEA
K]
  291 0000001A                 EXPORT           TIMER2A_IRQHandler         [WEA
K]
  292 0000001A                 EXPORT           TIMER2B_IRQHandler         [WEA
K]
  293 0000001A                 EXPORT           COMP0_IRQHandler           [WEA
K]
  294 0000001A                 EXPORT           COMP1_IRQHandler           [WEA
K]
  295 0000001A                 EXPORT           COMP2_IRQHandler           [WEA
K]
  296 0000001A                 EXPORT           SYSCTL_IRQHandler          [WEA
K]
  297 0000001A                 EXPORT           FLASH_IRQHandler           [WEA
K]
  298 0000001A                 EXPORT           GPIOF_IRQHandler           [WEA
K]
  299 0000001A                 EXPORT           GPIOG_IRQHandler           [WEA
K]
  300 0000001A                 EXPORT           GPIOH_IRQHandler           [WEA
K]
  301 0000001A                 EXPORT           UART2_IRQHandler           [WEA
K]
  302 0000001A                 EXPORT           SSI1_IRQHandler            [WEA
K]
  303 0000001A                 EXPORT           TIMER3A_IRQHandler         [WEA
K]
  304 0000001A                 EXPORT           TIMER3B_IRQHandler         [WEA
K]
  305 0000001A                 EXPORT           I2C1_IRQHandler            [WEA
K]
  306 0000001A                 EXPORT           CAN0_IRQHandler            [WEA
K]
  307 0000001A                 EXPORT           CAN1_IRQHandler            [WEA
K]
  308 0000001A                 EXPORT           EMAC0_IRQHandler           [WEA
K]
  309 0000001A                 EXPORT           HIBERNATE_IRQHandler       [WEA
K]
  310 0000001A                 EXPORT           USB0_IRQHandler            [WEA
K]
  311 0000001A                 EXPORT           PWM0_3_IRQHandler          [WEA
K]
  312 0000001A                 EXPORT           UDMA_IRQHandler            [WEA



ARM Macro Assembler    Page 10 


K]
  313 0000001A                 EXPORT           UDMAERR_IRQHandler         [WEA
K]
  314 0000001A                 EXPORT           ADC1SS0_IRQHandler         [WEA
K]
  315 0000001A                 EXPORT           ADC1SS1_IRQHandler         [WEA
K]
  316 0000001A                 EXPORT           ADC1SS2_IRQHandler         [WEA
K]
  317 0000001A                 EXPORT           ADC1SS3_IRQHandler         [WEA
K]
  318 0000001A                 EXPORT           EPI0_IRQHandler            [WEA
K]
  319 0000001A                 EXPORT           GPIOJ_IRQHandler           [WEA
K]
  320 0000001A                 EXPORT           GPIOK_IRQHandler           [WEA
K]
  321 0000001A                 EXPORT           GPIOL_IRQHandler           [WEA
K]
  322 0000001A                 EXPORT           SSI2_IRQHandler            [WEA
K]
  323 0000001A                 EXPORT           SSI3_IRQHandler            [WEA
K]
  324 0000001A                 EXPORT           UART3_IRQHandler           [WEA
K]
  325 0000001A                 EXPORT           UART4_IRQHandler           [WEA
K]
  326 0000001A                 EXPORT           UART5_IRQHandler           [WEA
K]
  327 0000001A                 EXPORT           UART6_IRQHandler           [WEA
K]
  328 0000001A                 EXPORT           UART7_IRQHandler           [WEA
K]
  329 0000001A                 EXPORT           I2C2_IRQHandler            [WEA
K]
  330 0000001A                 EXPORT           I2C3_IRQHandler            [WEA
K]
  331 0000001A                 EXPORT           TIMER4A_IRQHandler         [WEA
K]
  332 0000001A                 EXPORT           TIMER4B_IRQHandler         [WEA
K]
  333 0000001A                 EXPORT           TIMER5A_IRQHandler         [WEA
K]
  334 0000001A                 EXPORT           TIMER5B_IRQHandler         [WEA
K]
  335 0000001A                 EXPORT           SYSEXC_IRQHandler          [WEA
K]
  336 0000001A                 EXPORT           I2C4_IRQHandler            [WEA
K]
  337 0000001A                 EXPORT           I2C5_IRQHandler            [WEA
K]
  338 0000001A                 EXPORT           GPIOM_IRQHandler           [WEA
K]
  339 0000001A                 EXPORT           GPION_IRQHandler           [WEA
K]
  340 0000001A                 EXPORT           TAMPER0_IRQHandler         [WEA
K]
  341 0000001A                 EXPORT           GPIOP0_IRQHandler          [WEA
K]



ARM Macro Assembler    Page 11 


  342 0000001A                 EXPORT           GPIOP1_IRQHandler          [WEA
K]
  343 0000001A                 EXPORT           GPIOP2_IRQHandler          [WEA
K]
  344 0000001A                 EXPORT           GPIOP3_IRQHandler          [WEA
K]
  345 0000001A                 EXPORT           GPIOP4_IRQHandler          [WEA
K]
  346 0000001A                 EXPORT           GPIOP5_IRQHandler          [WEA
K]
  347 0000001A                 EXPORT           GPIOP6_IRQHandler          [WEA
K]
  348 0000001A                 EXPORT           GPIOP7_IRQHandler          [WEA
K]
  349 0000001A                 EXPORT           GPIOQ0_IRQHandler          [WEA
K]
  350 0000001A                 EXPORT           GPIOQ1_IRQHandler          [WEA
K]
  351 0000001A                 EXPORT           GPIOQ2_IRQHandler          [WEA
K]
  352 0000001A                 EXPORT           GPIOQ3_IRQHandler          [WEA
K]
  353 0000001A                 EXPORT           GPIOQ4_IRQHandler          [WEA
K]
  354 0000001A                 EXPORT           GPIOQ5_IRQHandler          [WEA
K]
  355 0000001A                 EXPORT           GPIOQ6_IRQHandler          [WEA
K]
  356 0000001A                 EXPORT           GPIOQ7_IRQHandler          [WEA
K]
  357 0000001A                 EXPORT           SHA0_IRQHandler            [WEA
K]
  358 0000001A                 EXPORT           AES0_IRQHandler            [WEA
K]
  359 0000001A                 EXPORT           DES0_IRQHandler            [WEA
K]
  360 0000001A                 EXPORT           TIMER6A_IRQHandler         [WEA
K]
  361 0000001A                 EXPORT           TIMER6B_IRQHandler         [WEA
K]
  362 0000001A                 EXPORT           TIMER7A_IRQHandler         [WEA
K]
  363 0000001A                 EXPORT           TIMER7B_IRQHandler         [WEA
K]
  364 0000001A                 EXPORT           I2C6_IRQHandler            [WEA
K]
  365 0000001A                 EXPORT           I2C7_IRQHandler            [WEA
K]
  366 0000001A                 EXPORT           I2C8_IRQHandler            [WEA
K]
  367 0000001A                 EXPORT           I2C9_IRQHandler            [WEA
K]
  368 0000001A         
  369 0000001A         GPIOA_IRQHandler
  370 0000001A         GPIOB_IRQHandler
  371 0000001A         GPIOC_IRQHandler
  372 0000001A         GPIOD_IRQHandler
  373 0000001A         GPIOE_IRQHandler
  374 0000001A         UART0_IRQHandler



ARM Macro Assembler    Page 12 


  375 0000001A         UART1_IRQHandler
  376 0000001A         SSI0_IRQHandler
  377 0000001A         I2C0_IRQHandler
  378 0000001A         PWM0_FAULT_IRQHandler
  379 0000001A         PWM0_0_IRQHandler
  380 0000001A         PWM0_1_IRQHandler
  381 0000001A         PWM0_2_IRQHandler
  382 0000001A         QEI0_IRQHandler
  383 0000001A         ADC0SS0_IRQHandler
  384 0000001A         ADC0SS1_IRQHandler
  385 0000001A         ADC0SS2_IRQHandler
  386 0000001A         ADC0SS3_IRQHandler
  387 0000001A         WATCHDOG_IRQHandler
  388 0000001A         TIMER0A_IRQHandler
  389 0000001A         TIMER0B_IRQHandler
  390 0000001A         TIMER1A_IRQHandler
  391 0000001A         TIMER1B_IRQHandler
  392 0000001A         TIMER2A_IRQHandler
  393 0000001A         TIMER2B_IRQHandler
  394 0000001A         COMP0_IRQHandler
  395 0000001A         COMP1_IRQHandler
  396 0000001A         COMP2_IRQHandler
  397 0000001A         SYSCTL_IRQHandler
  398 0000001A         FLASH_IRQHandler
  399 0000001A         GPIOF_IRQHandler
  400 0000001A         GPIOG_IRQHandler
  401 0000001A         GPIOH_IRQHandler
  402 0000001A         UART2_IRQHandler
  403 0000001A         SSI1_IRQHandler
  404 0000001A         TIMER3A_IRQHandler
  405 0000001A         TIMER3B_IRQHandler
  406 0000001A         I2C1_IRQHandler
  407 0000001A         CAN0_IRQHandler
  408 0000001A         CAN1_IRQHandler
  409 0000001A         EMAC0_IRQHandler
  410 0000001A         HIBERNATE_IRQHandler
  411 0000001A         USB0_IRQHandler
  412 0000001A         PWM0_3_IRQHandler
  413 0000001A         UDMA_IRQHandler
  414 0000001A         UDMAERR_IRQHandler
  415 0000001A         ADC1SS0_IRQHandler
  416 0000001A         ADC1SS1_IRQHandler
  417 0000001A         ADC1SS2_IRQHandler
  418 0000001A         ADC1SS3_IRQHandler
  419 0000001A         EPI0_IRQHandler
  420 0000001A         GPIOJ_IRQHandler
  421 0000001A         GPIOK_IRQHandler
  422 0000001A         GPIOL_IRQHandler
  423 0000001A         SSI2_IRQHandler
  424 0000001A         SSI3_IRQHandler
  425 0000001A         UART3_IRQHandler
  426 0000001A         UART4_IRQHandler
  427 0000001A         UART5_IRQHandler
  428 0000001A         UART6_IRQHandler
  429 0000001A         UART7_IRQHandler
  430 0000001A         I2C2_IRQHandler
  431 0000001A         I2C3_IRQHandler
  432 0000001A         TIMER4A_IRQHandler
  433 0000001A         TIMER4B_IRQHandler



ARM Macro Assembler    Page 13 


  434 0000001A         TIMER5A_IRQHandler
  435 0000001A         TIMER5B_IRQHandler
  436 0000001A         SYSEXC_IRQHandler
  437 0000001A         I2C4_IRQHandler
  438 0000001A         I2C5_IRQHandler
  439 0000001A         GPIOM_IRQHandler
  440 0000001A         GPION_IRQHandler
  441 0000001A         TAMPER0_IRQHandler
  442 0000001A         GPIOP0_IRQHandler
  443 0000001A         GPIOP1_IRQHandler
  444 0000001A         GPIOP2_IRQHandler
  445 0000001A         GPIOP3_IRQHandler
  446 0000001A         GPIOP4_IRQHandler
  447 0000001A         GPIOP5_IRQHandler
  448 0000001A         GPIOP6_IRQHandler
  449 0000001A         GPIOP7_IRQHandler
  450 0000001A         GPIOQ0_IRQHandler
  451 0000001A         GPIOQ1_IRQHandler
  452 0000001A         GPIOQ2_IRQHandler
  453 0000001A         GPIOQ3_IRQHandler
  454 0000001A         GPIOQ4_IRQHandler
  455 0000001A         GPIOQ5_IRQHandler
  456 0000001A         GPIOQ6_IRQHandler
  457 0000001A         GPIOQ7_IRQHandler
  458 0000001A         SHA0_IRQHandler
  459 0000001A         AES0_IRQHandler
  460 0000001A         DES0_IRQHandler
  461 0000001A         TIMER6A_IRQHandler
  462 0000001A         TIMER6B_IRQHandler
  463 0000001A         TIMER7A_IRQHandler
  464 0000001A         TIMER7B_IRQHandler
  465 0000001A         I2C6_IRQHandler
  466 0000001A         I2C7_IRQHandler
  467 0000001A         I2C8_IRQHandler
  468 0000001A         I2C9_IRQHandler
  469 0000001A         
  470 0000001A E7FE            B                .
  471 0000001C                 ENDP
  472 0000001C         
  473 0000001C                 ALIGN
  474 0000001C         
  475 0000001C         
  476 0000001C         ; User Initial Stack & Heap
  477 0000001C         
  478 0000001C                 IF               :DEF:__MICROLIB
  485 0000001C         
  486 0000001C                 IMPORT           __use_two_region_memory
  487 0000001C                 EXPORT           __user_initial_stackheap
  488 0000001C         
  489 0000001C         __user_initial_stackheap
                               PROC
  490 0000001C 4804            LDR              R0, =  Heap_Mem
  491 0000001E 4905            LDR              R1, =(Stack_Mem + Stack_Size)
  492 00000020 4A03            LDR              R2, = (Heap_Mem +  Heap_Size)
  493 00000022 4B05            LDR              R3, = Stack_Mem
  494 00000024 4770            BX               LR
  495 00000026                 ENDP
  496 00000026         
  497 00000026 00 00           ALIGN



ARM Macro Assembler    Page 14 


  498 00000028         
  499 00000028                 ENDIF
  500 00000028         
  501 00000028         
  502 00000028                 END
              00000000 
              00000000 
              00000000 
              00000200 
              00000000 
Command Line: --debug --xref --diag_suppress=9931 --cpu=Cortex-M4.fp.sp --apcs=
interwork --depend=.\objects\startup_msp432e401y_uvision.d -o.\objects\startup_
msp432e401y_uvision.o -I.\RTE\_Target_1 -IC:\Users\doyle\AppData\Local\Arm\Pack
s\ARM\CMSIS\5.6.0\CMSIS\Core\Include -IC:\Users\doyle\AppData\Local\Arm\Packs\T
exasInstruments\MSP432E4_DFP\3.2.6\Device\Include --predefine="__EVAL SETA 1" -
-predefine="__UVISION_VERSION SETA 529" --predefine="_RTE_ SETA 1" --predefine=
"__MSP432E401Y__ SETA 1" --list=.\listings\startup_msp432e401y_uvision.lst RTE\
Device\MSP432E401Y\startup_msp432e401y_uvision.s



ARM Macro Assembler    Page 1 Alphabetic symbol ordering
Relocatable symbols

STACK 00000000

Symbol: STACK
   Definitions
      At line 45 in file RTE\Device\MSP432E401Y\startup_msp432e401y_uvision.s
   Uses
      None
Comment: STACK unused
Stack_Mem 00000000

Symbol: Stack_Mem
   Definitions
      At line 46 in file RTE\Device\MSP432E401Y\startup_msp432e401y_uvision.s
   Uses
      At line 491 in file RTE\Device\MSP432E401Y\startup_msp432e401y_uvision.s
      At line 493 in file RTE\Device\MSP432E401Y\startup_msp432e401y_uvision.s

__initial_sp 00000200

Symbol: __initial_sp
   Definitions
      At line 47 in file RTE\Device\MSP432E401Y\startup_msp432e401y_uvision.s
   Uses
      At line 73 in file RTE\Device\MSP432E401Y\startup_msp432e401y_uvision.s
Comment: __initial_sp used once
3 symbols



ARM Macro Assembler    Page 1 Alphabetic symbol ordering
Relocatable symbols

HEAP 00000000

Symbol: HEAP
   Definitions
      At line 56 in file RTE\Device\MSP432E401Y\startup_msp432e401y_uvision.s
   Uses
      None
Comment: HEAP unused
Heap_Mem 00000000

Symbol: Heap_Mem
   Definitions
      At line 58 in file RTE\Device\MSP432E401Y\startup_msp432e401y_uvision.s
   Uses
      At line 490 in file RTE\Device\MSP432E401Y\startup_msp432e401y_uvision.s
      At line 492 in file RTE\Device\MSP432E401Y\startup_msp432e401y_uvision.s

__heap_base 00000000

Symbol: __heap_base
   Definitions
      At line 57 in file RTE\Device\MSP432E401Y\startup_msp432e401y_uvision.s
   Uses
      None
Comment: __heap_base unused
__heap_limit 00000000

Symbol: __heap_limit
   Definitions
      At line 59 in file RTE\Device\MSP432E401Y\startup_msp432e401y_uvision.s
   Uses
      None
Comment: __heap_limit unused
4 symbols



ARM Macro Assembler    Page 1 Alphabetic symbol ordering
Relocatable symbols

RESET 00000000

Symbol: RESET
   Definitions
      At line 68 in file RTE\Device\MSP432E401Y\startup_msp432e401y_uvision.s
   Uses
      None
Comment: RESET unused
__Vectors 00000000

Symbol: __Vectors
   Definitions
      At line 73 in file RTE\Device\MSP432E401Y\startup_msp432e401y_uvision.s
   Uses
      At line 69 in file RTE\Device\MSP432E401Y\startup_msp432e401y_uvision.s
      At line 205 in file RTE\Device\MSP432E401Y\startup_msp432e401y_uvision.s

__Vectors_End 000001FC

Symbol: __Vectors_End
   Definitions
      At line 203 in file RTE\Device\MSP432E401Y\startup_msp432e401y_uvision.s
   Uses
      At line 70 in file RTE\Device\MSP432E401Y\startup_msp432e401y_uvision.s
      At line 205 in file RTE\Device\MSP432E401Y\startup_msp432e401y_uvision.s

3 symbols



ARM Macro Assembler    Page 1 Alphabetic symbol ordering
Relocatable symbols

.text 00000000

Symbol: .text
   Definitions
      At line 207 in file RTE\Device\MSP432E401Y\startup_msp432e401y_uvision.s
   Uses
      None
Comment: .text unused
ADC0SS0_IRQHandler 0000001A

Symbol: ADC0SS0_IRQHandler
   Definitions
      At line 383 in file RTE\Device\MSP432E401Y\startup_msp432e401y_uvision.s
   Uses
      At line 105 in file RTE\Device\MSP432E401Y\startup_msp432e401y_uvision.s
      At line 282 in file RTE\Device\MSP432E401Y\startup_msp432e401y_uvision.s

ADC0SS1_IRQHandler 0000001A

Symbol: ADC0SS1_IRQHandler
   Definitions
      At line 384 in file RTE\Device\MSP432E401Y\startup_msp432e401y_uvision.s
   Uses
      At line 106 in file RTE\Device\MSP432E401Y\startup_msp432e401y_uvision.s
      At line 283 in file RTE\Device\MSP432E401Y\startup_msp432e401y_uvision.s

ADC0SS2_IRQHandler 0000001A

Symbol: ADC0SS2_IRQHandler
   Definitions
      At line 385 in file RTE\Device\MSP432E401Y\startup_msp432e401y_uvision.s
   Uses
      At line 107 in file RTE\Device\MSP432E401Y\startup_msp432e401y_uvision.s
      At line 284 in file RTE\Device\MSP432E401Y\startup_msp432e401y_uvision.s

ADC0SS3_IRQHandler 0000001A

Symbol: ADC0SS3_IRQHandler
   Definitions
      At line 386 in file RTE\Device\MSP432E401Y\startup_msp432e401y_uvision.s
   Uses
      At line 108 in file RTE\Device\MSP432E401Y\startup_msp432e401y_uvision.s
      At line 285 in file RTE\Device\MSP432E401Y\startup_msp432e401y_uvision.s

ADC1SS0_IRQHandler 0000001A

Symbol: ADC1SS0_IRQHandler
   Definitions
      At line 415 in file RTE\Device\MSP432E401Y\startup_msp432e401y_uvision.s
   Uses
      At line 137 in file RTE\Device\MSP432E401Y\startup_msp432e401y_uvision.s
      At line 314 in file RTE\Device\MSP432E401Y\startup_msp432e401y_uvision.s

ADC1SS1_IRQHandler 0000001A

Symbol: ADC1SS1_IRQHandler
   Definitions
      At line 416 in file RTE\Device\MSP432E401Y\startup_msp432e401y_uvision.s
   Uses



ARM Macro Assembler    Page 2 Alphabetic symbol ordering
Relocatable symbols

      At line 138 in file RTE\Device\MSP432E401Y\startup_msp432e401y_uvision.s
      At line 315 in file RTE\Device\MSP432E401Y\startup_msp432e401y_uvision.s

ADC1SS2_IRQHandler 0000001A

Symbol: ADC1SS2_IRQHandler
   Definitions
      At line 417 in file RTE\Device\MSP432E401Y\startup_msp432e401y_uvision.s
   Uses
      At line 139 in file RTE\Device\MSP432E401Y\startup_msp432e401y_uvision.s
      At line 316 in file RTE\Device\MSP432E401Y\startup_msp432e401y_uvision.s

ADC1SS3_IRQHandler 0000001A

Symbol: ADC1SS3_IRQHandler
   Definitions
      At line 418 in file RTE\Device\MSP432E401Y\startup_msp432e401y_uvision.s
   Uses
      At line 140 in file RTE\Device\MSP432E401Y\startup_msp432e401y_uvision.s
      At line 317 in file RTE\Device\MSP432E401Y\startup_msp432e401y_uvision.s

AES0_IRQHandler 0000001A

Symbol: AES0_IRQHandler
   Definitions
      At line 459 in file RTE\Device\MSP432E401Y\startup_msp432e401y_uvision.s
   Uses
      At line 186 in file RTE\Device\MSP432E401Y\startup_msp432e401y_uvision.s
      At line 358 in file RTE\Device\MSP432E401Y\startup_msp432e401y_uvision.s

BusFault_Handler 0000000E

Symbol: BusFault_Handler
   Definitions
      At line 240 in file RTE\Device\MSP432E401Y\startup_msp432e401y_uvision.s
   Uses
      At line 78 in file RTE\Device\MSP432E401Y\startup_msp432e401y_uvision.s
      At line 241 in file RTE\Device\MSP432E401Y\startup_msp432e401y_uvision.s

CAN0_IRQHandler 0000001A

Symbol: CAN0_IRQHandler
   Definitions
      At line 407 in file RTE\Device\MSP432E401Y\startup_msp432e401y_uvision.s
   Uses
      At line 129 in file RTE\Device\MSP432E401Y\startup_msp432e401y_uvision.s
      At line 306 in file RTE\Device\MSP432E401Y\startup_msp432e401y_uvision.s

CAN1_IRQHandler 0000001A

Symbol: CAN1_IRQHandler
   Definitions
      At line 408 in file RTE\Device\MSP432E401Y\startup_msp432e401y_uvision.s
   Uses
      At line 130 in file RTE\Device\MSP432E401Y\startup_msp432e401y_uvision.s
      At line 307 in file RTE\Device\MSP432E401Y\startup_msp432e401y_uvision.s

COMP0_IRQHandler 0000001A




ARM Macro Assembler    Page 3 Alphabetic symbol ordering
Relocatable symbols

Symbol: COMP0_IRQHandler
   Definitions
      At line 394 in file RTE\Device\MSP432E401Y\startup_msp432e401y_uvision.s
   Uses
      At line 116 in file RTE\Device\MSP432E401Y\startup_msp432e401y_uvision.s
      At line 293 in file RTE\Device\MSP432E401Y\startup_msp432e401y_uvision.s

COMP1_IRQHandler 0000001A

Symbol: COMP1_IRQHandler
   Definitions
      At line 395 in file RTE\Device\MSP432E401Y\startup_msp432e401y_uvision.s
   Uses
      At line 117 in file RTE\Device\MSP432E401Y\startup_msp432e401y_uvision.s
      At line 294 in file RTE\Device\MSP432E401Y\startup_msp432e401y_uvision.s

COMP2_IRQHandler 0000001A

Symbol: COMP2_IRQHandler
   Definitions
      At line 396 in file RTE\Device\MSP432E401Y\startup_msp432e401y_uvision.s
   Uses
      At line 118 in file RTE\Device\MSP432E401Y\startup_msp432e401y_uvision.s
      At line 295 in file RTE\Device\MSP432E401Y\startup_msp432e401y_uvision.s

DES0_IRQHandler 0000001A

Symbol: DES0_IRQHandler
   Definitions
      At line 460 in file RTE\Device\MSP432E401Y\startup_msp432e401y_uvision.s
   Uses
      At line 187 in file RTE\Device\MSP432E401Y\startup_msp432e401y_uvision.s
      At line 359 in file RTE\Device\MSP432E401Y\startup_msp432e401y_uvision.s

DebugMon_Handler 00000014

Symbol: DebugMon_Handler
   Definitions
      At line 254 in file RTE\Device\MSP432E401Y\startup_msp432e401y_uvision.s
   Uses
      At line 85 in file RTE\Device\MSP432E401Y\startup_msp432e401y_uvision.s
      At line 255 in file RTE\Device\MSP432E401Y\startup_msp432e401y_uvision.s

Default_Handler 0000001A

Symbol: Default_Handler
   Definitions
      At line 267 in file RTE\Device\MSP432E401Y\startup_msp432e401y_uvision.s
   Uses
      None
Comment: Default_Handler unused
EMAC0_IRQHandler 0000001A

Symbol: EMAC0_IRQHandler
   Definitions
      At line 409 in file RTE\Device\MSP432E401Y\startup_msp432e401y_uvision.s
   Uses
      At line 131 in file RTE\Device\MSP432E401Y\startup_msp432e401y_uvision.s
      At line 308 in file RTE\Device\MSP432E401Y\startup_msp432e401y_uvision.s



ARM Macro Assembler    Page 4 Alphabetic symbol ordering
Relocatable symbols


EPI0_IRQHandler 0000001A

Symbol: EPI0_IRQHandler
   Definitions
      At line 419 in file RTE\Device\MSP432E401Y\startup_msp432e401y_uvision.s
   Uses
      At line 141 in file RTE\Device\MSP432E401Y\startup_msp432e401y_uvision.s
      At line 318 in file RTE\Device\MSP432E401Y\startup_msp432e401y_uvision.s

FLASH_IRQHandler 0000001A

Symbol: FLASH_IRQHandler
   Definitions
      At line 398 in file RTE\Device\MSP432E401Y\startup_msp432e401y_uvision.s
   Uses
      At line 120 in file RTE\Device\MSP432E401Y\startup_msp432e401y_uvision.s
      At line 297 in file RTE\Device\MSP432E401Y\startup_msp432e401y_uvision.s

GPIOA_IRQHandler 0000001A

Symbol: GPIOA_IRQHandler
   Definitions
      At line 369 in file RTE\Device\MSP432E401Y\startup_msp432e401y_uvision.s
   Uses
      At line 91 in file RTE\Device\MSP432E401Y\startup_msp432e401y_uvision.s
      At line 268 in file RTE\Device\MSP432E401Y\startup_msp432e401y_uvision.s

GPIOB_IRQHandler 0000001A

Symbol: GPIOB_IRQHandler
   Definitions
      At line 370 in file RTE\Device\MSP432E401Y\startup_msp432e401y_uvision.s
   Uses
      At line 92 in file RTE\Device\MSP432E401Y\startup_msp432e401y_uvision.s
      At line 269 in file RTE\Device\MSP432E401Y\startup_msp432e401y_uvision.s

GPIOC_IRQHandler 0000001A

Symbol: GPIOC_IRQHandler
   Definitions
      At line 371 in file RTE\Device\MSP432E401Y\startup_msp432e401y_uvision.s
   Uses
      At line 93 in file RTE\Device\MSP432E401Y\startup_msp432e401y_uvision.s
      At line 270 in file RTE\Device\MSP432E401Y\startup_msp432e401y_uvision.s

GPIOD_IRQHandler 0000001A

Symbol: GPIOD_IRQHandler
   Definitions
      At line 372 in file RTE\Device\MSP432E401Y\startup_msp432e401y_uvision.s
   Uses
      At line 94 in file RTE\Device\MSP432E401Y\startup_msp432e401y_uvision.s
      At line 271 in file RTE\Device\MSP432E401Y\startup_msp432e401y_uvision.s

GPIOE_IRQHandler 0000001A

Symbol: GPIOE_IRQHandler
   Definitions



ARM Macro Assembler    Page 5 Alphabetic symbol ordering
Relocatable symbols

      At line 373 in file RTE\Device\MSP432E401Y\startup_msp432e401y_uvision.s
   Uses
      At line 95 in file RTE\Device\MSP432E401Y\startup_msp432e401y_uvision.s
      At line 272 in file RTE\Device\MSP432E401Y\startup_msp432e401y_uvision.s

GPIOF_IRQHandler 0000001A

Symbol: GPIOF_IRQHandler
   Definitions
      At line 399 in file RTE\Device\MSP432E401Y\startup_msp432e401y_uvision.s
   Uses
      At line 121 in file RTE\Device\MSP432E401Y\startup_msp432e401y_uvision.s
      At line 298 in file RTE\Device\MSP432E401Y\startup_msp432e401y_uvision.s

GPIOG_IRQHandler 0000001A

Symbol: GPIOG_IRQHandler
   Definitions
      At line 400 in file RTE\Device\MSP432E401Y\startup_msp432e401y_uvision.s
   Uses
      At line 122 in file RTE\Device\MSP432E401Y\startup_msp432e401y_uvision.s
      At line 299 in file RTE\Device\MSP432E401Y\startup_msp432e401y_uvision.s

GPIOH_IRQHandler 0000001A

Symbol: GPIOH_IRQHandler
   Definitions
      At line 401 in file RTE\Device\MSP432E401Y\startup_msp432e401y_uvision.s
   Uses
      At line 123 in file RTE\Device\MSP432E401Y\startup_msp432e401y_uvision.s
      At line 300 in file RTE\Device\MSP432E401Y\startup_msp432e401y_uvision.s

GPIOJ_IRQHandler 0000001A

Symbol: GPIOJ_IRQHandler
   Definitions
      At line 420 in file RTE\Device\MSP432E401Y\startup_msp432e401y_uvision.s
   Uses
      At line 142 in file RTE\Device\MSP432E401Y\startup_msp432e401y_uvision.s
      At line 319 in file RTE\Device\MSP432E401Y\startup_msp432e401y_uvision.s

GPIOK_IRQHandler 0000001A

Symbol: GPIOK_IRQHandler
   Definitions
      At line 421 in file RTE\Device\MSP432E401Y\startup_msp432e401y_uvision.s
   Uses
      At line 143 in file RTE\Device\MSP432E401Y\startup_msp432e401y_uvision.s
      At line 320 in file RTE\Device\MSP432E401Y\startup_msp432e401y_uvision.s

GPIOL_IRQHandler 0000001A

Symbol: GPIOL_IRQHandler
   Definitions
      At line 422 in file RTE\Device\MSP432E401Y\startup_msp432e401y_uvision.s
   Uses
      At line 144 in file RTE\Device\MSP432E401Y\startup_msp432e401y_uvision.s
      At line 321 in file RTE\Device\MSP432E401Y\startup_msp432e401y_uvision.s




ARM Macro Assembler    Page 6 Alphabetic symbol ordering
Relocatable symbols

GPIOM_IRQHandler 0000001A

Symbol: GPIOM_IRQHandler
   Definitions
      At line 439 in file RTE\Device\MSP432E401Y\startup_msp432e401y_uvision.s
   Uses
      At line 163 in file RTE\Device\MSP432E401Y\startup_msp432e401y_uvision.s
      At line 338 in file RTE\Device\MSP432E401Y\startup_msp432e401y_uvision.s

GPION_IRQHandler 0000001A

Symbol: GPION_IRQHandler
   Definitions
      At line 440 in file RTE\Device\MSP432E401Y\startup_msp432e401y_uvision.s
   Uses
      At line 164 in file RTE\Device\MSP432E401Y\startup_msp432e401y_uvision.s
      At line 339 in file RTE\Device\MSP432E401Y\startup_msp432e401y_uvision.s

GPIOP0_IRQHandler 0000001A

Symbol: GPIOP0_IRQHandler
   Definitions
      At line 442 in file RTE\Device\MSP432E401Y\startup_msp432e401y_uvision.s
   Uses
      At line 167 in file RTE\Device\MSP432E401Y\startup_msp432e401y_uvision.s
      At line 341 in file RTE\Device\MSP432E401Y\startup_msp432e401y_uvision.s

GPIOP1_IRQHandler 0000001A

Symbol: GPIOP1_IRQHandler
   Definitions
      At line 443 in file RTE\Device\MSP432E401Y\startup_msp432e401y_uvision.s
   Uses
      At line 168 in file RTE\Device\MSP432E401Y\startup_msp432e401y_uvision.s
      At line 342 in file RTE\Device\MSP432E401Y\startup_msp432e401y_uvision.s

GPIOP2_IRQHandler 0000001A

Symbol: GPIOP2_IRQHandler
   Definitions
      At line 444 in file RTE\Device\MSP432E401Y\startup_msp432e401y_uvision.s
   Uses
      At line 169 in file RTE\Device\MSP432E401Y\startup_msp432e401y_uvision.s
      At line 343 in file RTE\Device\MSP432E401Y\startup_msp432e401y_uvision.s

GPIOP3_IRQHandler 0000001A

Symbol: GPIOP3_IRQHandler
   Definitions
      At line 445 in file RTE\Device\MSP432E401Y\startup_msp432e401y_uvision.s
   Uses
      At line 170 in file RTE\Device\MSP432E401Y\startup_msp432e401y_uvision.s
      At line 344 in file RTE\Device\MSP432E401Y\startup_msp432e401y_uvision.s

GPIOP4_IRQHandler 0000001A

Symbol: GPIOP4_IRQHandler
   Definitions
      At line 446 in file RTE\Device\MSP432E401Y\startup_msp432e401y_uvision.s



ARM Macro Assembler    Page 7 Alphabetic symbol ordering
Relocatable symbols

   Uses
      At line 171 in file RTE\Device\MSP432E401Y\startup_msp432e401y_uvision.s
      At line 345 in file RTE\Device\MSP432E401Y\startup_msp432e401y_uvision.s

GPIOP5_IRQHandler 0000001A

Symbol: GPIOP5_IRQHandler
   Definitions
      At line 447 in file RTE\Device\MSP432E401Y\startup_msp432e401y_uvision.s
   Uses
      At line 172 in file RTE\Device\MSP432E401Y\startup_msp432e401y_uvision.s
      At line 346 in file RTE\Device\MSP432E401Y\startup_msp432e401y_uvision.s

GPIOP6_IRQHandler 0000001A

Symbol: GPIOP6_IRQHandler
   Definitions
      At line 448 in file RTE\Device\MSP432E401Y\startup_msp432e401y_uvision.s
   Uses
      At line 173 in file RTE\Device\MSP432E401Y\startup_msp432e401y_uvision.s
      At line 347 in file RTE\Device\MSP432E401Y\startup_msp432e401y_uvision.s

GPIOP7_IRQHandler 0000001A

Symbol: GPIOP7_IRQHandler
   Definitions
      At line 449 in file RTE\Device\MSP432E401Y\startup_msp432e401y_uvision.s
   Uses
      At line 174 in file RTE\Device\MSP432E401Y\startup_msp432e401y_uvision.s
      At line 348 in file RTE\Device\MSP432E401Y\startup_msp432e401y_uvision.s

GPIOQ0_IRQHandler 0000001A

Symbol: GPIOQ0_IRQHandler
   Definitions
      At line 450 in file RTE\Device\MSP432E401Y\startup_msp432e401y_uvision.s
   Uses
      At line 175 in file RTE\Device\MSP432E401Y\startup_msp432e401y_uvision.s
      At line 349 in file RTE\Device\MSP432E401Y\startup_msp432e401y_uvision.s

GPIOQ1_IRQHandler 0000001A

Symbol: GPIOQ1_IRQHandler
   Definitions
      At line 451 in file RTE\Device\MSP432E401Y\startup_msp432e401y_uvision.s
   Uses
      At line 176 in file RTE\Device\MSP432E401Y\startup_msp432e401y_uvision.s
      At line 350 in file RTE\Device\MSP432E401Y\startup_msp432e401y_uvision.s

GPIOQ2_IRQHandler 0000001A

Symbol: GPIOQ2_IRQHandler
   Definitions
      At line 452 in file RTE\Device\MSP432E401Y\startup_msp432e401y_uvision.s
   Uses
      At line 177 in file RTE\Device\MSP432E401Y\startup_msp432e401y_uvision.s
      At line 351 in file RTE\Device\MSP432E401Y\startup_msp432e401y_uvision.s

GPIOQ3_IRQHandler 0000001A



ARM Macro Assembler    Page 8 Alphabetic symbol ordering
Relocatable symbols


Symbol: GPIOQ3_IRQHandler
   Definitions
      At line 453 in file RTE\Device\MSP432E401Y\startup_msp432e401y_uvision.s
   Uses
      At line 178 in file RTE\Device\MSP432E401Y\startup_msp432e401y_uvision.s
      At line 352 in file RTE\Device\MSP432E401Y\startup_msp432e401y_uvision.s

GPIOQ4_IRQHandler 0000001A

Symbol: GPIOQ4_IRQHandler
   Definitions
      At line 454 in file RTE\Device\MSP432E401Y\startup_msp432e401y_uvision.s
   Uses
      At line 179 in file RTE\Device\MSP432E401Y\startup_msp432e401y_uvision.s
      At line 353 in file RTE\Device\MSP432E401Y\startup_msp432e401y_uvision.s

GPIOQ5_IRQHandler 0000001A

Symbol: GPIOQ5_IRQHandler
   Definitions
      At line 455 in file RTE\Device\MSP432E401Y\startup_msp432e401y_uvision.s
   Uses
      At line 180 in file RTE\Device\MSP432E401Y\startup_msp432e401y_uvision.s
      At line 354 in file RTE\Device\MSP432E401Y\startup_msp432e401y_uvision.s

GPIOQ6_IRQHandler 0000001A

Symbol: GPIOQ6_IRQHandler
   Definitions
      At line 456 in file RTE\Device\MSP432E401Y\startup_msp432e401y_uvision.s
   Uses
      At line 181 in file RTE\Device\MSP432E401Y\startup_msp432e401y_uvision.s
      At line 355 in file RTE\Device\MSP432E401Y\startup_msp432e401y_uvision.s

GPIOQ7_IRQHandler 0000001A

Symbol: GPIOQ7_IRQHandler
   Definitions
      At line 457 in file RTE\Device\MSP432E401Y\startup_msp432e401y_uvision.s
   Uses
      At line 182 in file RTE\Device\MSP432E401Y\startup_msp432e401y_uvision.s
      At line 356 in file RTE\Device\MSP432E401Y\startup_msp432e401y_uvision.s

HIBERNATE_IRQHandler 0000001A

Symbol: HIBERNATE_IRQHandler
   Definitions
      At line 410 in file RTE\Device\MSP432E401Y\startup_msp432e401y_uvision.s
   Uses
      At line 132 in file RTE\Device\MSP432E401Y\startup_msp432e401y_uvision.s
      At line 309 in file RTE\Device\MSP432E401Y\startup_msp432e401y_uvision.s

HardFault_Handler 0000000A

Symbol: HardFault_Handler
   Definitions
      At line 230 in file RTE\Device\MSP432E401Y\startup_msp432e401y_uvision.s
   Uses



ARM Macro Assembler    Page 9 Alphabetic symbol ordering
Relocatable symbols

      At line 76 in file RTE\Device\MSP432E401Y\startup_msp432e401y_uvision.s
      At line 231 in file RTE\Device\MSP432E401Y\startup_msp432e401y_uvision.s

I2C0_IRQHandler 0000001A

Symbol: I2C0_IRQHandler
   Definitions
      At line 377 in file RTE\Device\MSP432E401Y\startup_msp432e401y_uvision.s
   Uses
      At line 99 in file RTE\Device\MSP432E401Y\startup_msp432e401y_uvision.s
      At line 276 in file RTE\Device\MSP432E401Y\startup_msp432e401y_uvision.s

I2C1_IRQHandler 0000001A

Symbol: I2C1_IRQHandler
   Definitions
      At line 406 in file RTE\Device\MSP432E401Y\startup_msp432e401y_uvision.s
   Uses
      At line 128 in file RTE\Device\MSP432E401Y\startup_msp432e401y_uvision.s
      At line 305 in file RTE\Device\MSP432E401Y\startup_msp432e401y_uvision.s

I2C2_IRQHandler 0000001A

Symbol: I2C2_IRQHandler
   Definitions
      At line 430 in file RTE\Device\MSP432E401Y\startup_msp432e401y_uvision.s
   Uses
      At line 152 in file RTE\Device\MSP432E401Y\startup_msp432e401y_uvision.s
      At line 329 in file RTE\Device\MSP432E401Y\startup_msp432e401y_uvision.s

I2C3_IRQHandler 0000001A

Symbol: I2C3_IRQHandler
   Definitions
      At line 431 in file RTE\Device\MSP432E401Y\startup_msp432e401y_uvision.s
   Uses
      At line 153 in file RTE\Device\MSP432E401Y\startup_msp432e401y_uvision.s
      At line 330 in file RTE\Device\MSP432E401Y\startup_msp432e401y_uvision.s

I2C4_IRQHandler 0000001A

Symbol: I2C4_IRQHandler
   Definitions
      At line 437 in file RTE\Device\MSP432E401Y\startup_msp432e401y_uvision.s
   Uses
      At line 161 in file RTE\Device\MSP432E401Y\startup_msp432e401y_uvision.s
      At line 336 in file RTE\Device\MSP432E401Y\startup_msp432e401y_uvision.s

I2C5_IRQHandler 0000001A

Symbol: I2C5_IRQHandler
   Definitions
      At line 438 in file RTE\Device\MSP432E401Y\startup_msp432e401y_uvision.s
   Uses
      At line 162 in file RTE\Device\MSP432E401Y\startup_msp432e401y_uvision.s
      At line 337 in file RTE\Device\MSP432E401Y\startup_msp432e401y_uvision.s

I2C6_IRQHandler 0000001A




ARM Macro Assembler    Page 10 Alphabetic symbol ordering
Relocatable symbols

Symbol: I2C6_IRQHandler
   Definitions
      At line 465 in file RTE\Device\MSP432E401Y\startup_msp432e401y_uvision.s
   Uses
      At line 193 in file RTE\Device\MSP432E401Y\startup_msp432e401y_uvision.s
      At line 364 in file RTE\Device\MSP432E401Y\startup_msp432e401y_uvision.s

I2C7_IRQHandler 0000001A

Symbol: I2C7_IRQHandler
   Definitions
      At line 466 in file RTE\Device\MSP432E401Y\startup_msp432e401y_uvision.s
   Uses
      At line 194 in file RTE\Device\MSP432E401Y\startup_msp432e401y_uvision.s
      At line 365 in file RTE\Device\MSP432E401Y\startup_msp432e401y_uvision.s

I2C8_IRQHandler 0000001A

Symbol: I2C8_IRQHandler
   Definitions
      At line 467 in file RTE\Device\MSP432E401Y\startup_msp432e401y_uvision.s
   Uses
      At line 200 in file RTE\Device\MSP432E401Y\startup_msp432e401y_uvision.s
      At line 366 in file RTE\Device\MSP432E401Y\startup_msp432e401y_uvision.s

I2C9_IRQHandler 0000001A

Symbol: I2C9_IRQHandler
   Definitions
      At line 468 in file RTE\Device\MSP432E401Y\startup_msp432e401y_uvision.s
   Uses
      At line 201 in file RTE\Device\MSP432E401Y\startup_msp432e401y_uvision.s
      At line 367 in file RTE\Device\MSP432E401Y\startup_msp432e401y_uvision.s

MemManage_Handler 0000000C

Symbol: MemManage_Handler
   Definitions
      At line 235 in file RTE\Device\MSP432E401Y\startup_msp432e401y_uvision.s
   Uses
      At line 77 in file RTE\Device\MSP432E401Y\startup_msp432e401y_uvision.s
      At line 236 in file RTE\Device\MSP432E401Y\startup_msp432e401y_uvision.s

NMI_Handler 00000008

Symbol: NMI_Handler
   Definitions
      At line 225 in file RTE\Device\MSP432E401Y\startup_msp432e401y_uvision.s
   Uses
      At line 75 in file RTE\Device\MSP432E401Y\startup_msp432e401y_uvision.s
      At line 226 in file RTE\Device\MSP432E401Y\startup_msp432e401y_uvision.s

PWM0_0_IRQHandler 0000001A

Symbol: PWM0_0_IRQHandler
   Definitions
      At line 379 in file RTE\Device\MSP432E401Y\startup_msp432e401y_uvision.s
   Uses
      At line 101 in file RTE\Device\MSP432E401Y\startup_msp432e401y_uvision.s



ARM Macro Assembler    Page 11 Alphabetic symbol ordering
Relocatable symbols

      At line 278 in file RTE\Device\MSP432E401Y\startup_msp432e401y_uvision.s

PWM0_1_IRQHandler 0000001A

Symbol: PWM0_1_IRQHandler
   Definitions
      At line 380 in file RTE\Device\MSP432E401Y\startup_msp432e401y_uvision.s
   Uses
      At line 102 in file RTE\Device\MSP432E401Y\startup_msp432e401y_uvision.s
      At line 279 in file RTE\Device\MSP432E401Y\startup_msp432e401y_uvision.s

PWM0_2_IRQHandler 0000001A

Symbol: PWM0_2_IRQHandler
   Definitions
      At line 381 in file RTE\Device\MSP432E401Y\startup_msp432e401y_uvision.s
   Uses
      At line 103 in file RTE\Device\MSP432E401Y\startup_msp432e401y_uvision.s
      At line 280 in file RTE\Device\MSP432E401Y\startup_msp432e401y_uvision.s

PWM0_3_IRQHandler 0000001A

Symbol: PWM0_3_IRQHandler
   Definitions
      At line 412 in file RTE\Device\MSP432E401Y\startup_msp432e401y_uvision.s
   Uses
      At line 134 in file RTE\Device\MSP432E401Y\startup_msp432e401y_uvision.s
      At line 311 in file RTE\Device\MSP432E401Y\startup_msp432e401y_uvision.s

PWM0_FAULT_IRQHandler 0000001A

Symbol: PWM0_FAULT_IRQHandler
   Definitions
      At line 378 in file RTE\Device\MSP432E401Y\startup_msp432e401y_uvision.s
   Uses
      At line 100 in file RTE\Device\MSP432E401Y\startup_msp432e401y_uvision.s
      At line 277 in file RTE\Device\MSP432E401Y\startup_msp432e401y_uvision.s

PendSV_Handler 00000016

Symbol: PendSV_Handler
   Definitions
      At line 258 in file RTE\Device\MSP432E401Y\startup_msp432e401y_uvision.s
   Uses
      At line 87 in file RTE\Device\MSP432E401Y\startup_msp432e401y_uvision.s
      At line 259 in file RTE\Device\MSP432E401Y\startup_msp432e401y_uvision.s

QEI0_IRQHandler 0000001A

Symbol: QEI0_IRQHandler
   Definitions
      At line 382 in file RTE\Device\MSP432E401Y\startup_msp432e401y_uvision.s
   Uses
      At line 104 in file RTE\Device\MSP432E401Y\startup_msp432e401y_uvision.s
      At line 281 in file RTE\Device\MSP432E401Y\startup_msp432e401y_uvision.s

Reset_Handler 00000000

Symbol: Reset_Handler



ARM Macro Assembler    Page 12 Alphabetic symbol ordering
Relocatable symbols

   Definitions
      At line 212 in file RTE\Device\MSP432E401Y\startup_msp432e401y_uvision.s
   Uses
      At line 74 in file RTE\Device\MSP432E401Y\startup_msp432e401y_uvision.s
      At line 213 in file RTE\Device\MSP432E401Y\startup_msp432e401y_uvision.s

SHA0_IRQHandler 0000001A

Symbol: SHA0_IRQHandler
   Definitions
      At line 458 in file RTE\Device\MSP432E401Y\startup_msp432e401y_uvision.s
   Uses
      At line 185 in file RTE\Device\MSP432E401Y\startup_msp432e401y_uvision.s
      At line 357 in file RTE\Device\MSP432E401Y\startup_msp432e401y_uvision.s

SSI0_IRQHandler 0000001A

Symbol: SSI0_IRQHandler
   Definitions
      At line 376 in file RTE\Device\MSP432E401Y\startup_msp432e401y_uvision.s
   Uses
      At line 98 in file RTE\Device\MSP432E401Y\startup_msp432e401y_uvision.s
      At line 275 in file RTE\Device\MSP432E401Y\startup_msp432e401y_uvision.s

SSI1_IRQHandler 0000001A

Symbol: SSI1_IRQHandler
   Definitions
      At line 403 in file RTE\Device\MSP432E401Y\startup_msp432e401y_uvision.s
   Uses
      At line 125 in file RTE\Device\MSP432E401Y\startup_msp432e401y_uvision.s
      At line 302 in file RTE\Device\MSP432E401Y\startup_msp432e401y_uvision.s

SSI2_IRQHandler 0000001A

Symbol: SSI2_IRQHandler
   Definitions
      At line 423 in file RTE\Device\MSP432E401Y\startup_msp432e401y_uvision.s
   Uses
      At line 145 in file RTE\Device\MSP432E401Y\startup_msp432e401y_uvision.s
      At line 322 in file RTE\Device\MSP432E401Y\startup_msp432e401y_uvision.s

SSI3_IRQHandler 0000001A

Symbol: SSI3_IRQHandler
   Definitions
      At line 424 in file RTE\Device\MSP432E401Y\startup_msp432e401y_uvision.s
   Uses
      At line 146 in file RTE\Device\MSP432E401Y\startup_msp432e401y_uvision.s
      At line 323 in file RTE\Device\MSP432E401Y\startup_msp432e401y_uvision.s

SVC_Handler 00000012

Symbol: SVC_Handler
   Definitions
      At line 249 in file RTE\Device\MSP432E401Y\startup_msp432e401y_uvision.s
   Uses
      At line 84 in file RTE\Device\MSP432E401Y\startup_msp432e401y_uvision.s
      At line 250 in file RTE\Device\MSP432E401Y\startup_msp432e401y_uvision.s



ARM Macro Assembler    Page 13 Alphabetic symbol ordering
Relocatable symbols


SYSCTL_IRQHandler 0000001A

Symbol: SYSCTL_IRQHandler
   Definitions
      At line 397 in file RTE\Device\MSP432E401Y\startup_msp432e401y_uvision.s
   Uses
      At line 119 in file RTE\Device\MSP432E401Y\startup_msp432e401y_uvision.s
      At line 296 in file RTE\Device\MSP432E401Y\startup_msp432e401y_uvision.s

SYSEXC_IRQHandler 0000001A

Symbol: SYSEXC_IRQHandler
   Definitions
      At line 436 in file RTE\Device\MSP432E401Y\startup_msp432e401y_uvision.s
   Uses
      At line 158 in file RTE\Device\MSP432E401Y\startup_msp432e401y_uvision.s
      At line 335 in file RTE\Device\MSP432E401Y\startup_msp432e401y_uvision.s

SysTick_Handler 00000018

Symbol: SysTick_Handler
   Definitions
      At line 262 in file RTE\Device\MSP432E401Y\startup_msp432e401y_uvision.s
   Uses
      At line 88 in file RTE\Device\MSP432E401Y\startup_msp432e401y_uvision.s
      At line 263 in file RTE\Device\MSP432E401Y\startup_msp432e401y_uvision.s

TAMPER0_IRQHandler 0000001A

Symbol: TAMPER0_IRQHandler
   Definitions
      At line 441 in file RTE\Device\MSP432E401Y\startup_msp432e401y_uvision.s
   Uses
      At line 166 in file RTE\Device\MSP432E401Y\startup_msp432e401y_uvision.s
      At line 340 in file RTE\Device\MSP432E401Y\startup_msp432e401y_uvision.s

TIMER0A_IRQHandler 0000001A

Symbol: TIMER0A_IRQHandler
   Definitions
      At line 388 in file RTE\Device\MSP432E401Y\startup_msp432e401y_uvision.s
   Uses
      At line 110 in file RTE\Device\MSP432E401Y\startup_msp432e401y_uvision.s
      At line 287 in file RTE\Device\MSP432E401Y\startup_msp432e401y_uvision.s

TIMER0B_IRQHandler 0000001A

Symbol: TIMER0B_IRQHandler
   Definitions
      At line 389 in file RTE\Device\MSP432E401Y\startup_msp432e401y_uvision.s
   Uses
      At line 111 in file RTE\Device\MSP432E401Y\startup_msp432e401y_uvision.s
      At line 288 in file RTE\Device\MSP432E401Y\startup_msp432e401y_uvision.s

TIMER1A_IRQHandler 0000001A

Symbol: TIMER1A_IRQHandler
   Definitions



ARM Macro Assembler    Page 14 Alphabetic symbol ordering
Relocatable symbols

      At line 390 in file RTE\Device\MSP432E401Y\startup_msp432e401y_uvision.s
   Uses
      At line 112 in file RTE\Device\MSP432E401Y\startup_msp432e401y_uvision.s
      At line 289 in file RTE\Device\MSP432E401Y\startup_msp432e401y_uvision.s

TIMER1B_IRQHandler 0000001A

Symbol: TIMER1B_IRQHandler
   Definitions
      At line 391 in file RTE\Device\MSP432E401Y\startup_msp432e401y_uvision.s
   Uses
      At line 113 in file RTE\Device\MSP432E401Y\startup_msp432e401y_uvision.s
      At line 290 in file RTE\Device\MSP432E401Y\startup_msp432e401y_uvision.s

TIMER2A_IRQHandler 0000001A

Symbol: TIMER2A_IRQHandler
   Definitions
      At line 392 in file RTE\Device\MSP432E401Y\startup_msp432e401y_uvision.s
   Uses
      At line 114 in file RTE\Device\MSP432E401Y\startup_msp432e401y_uvision.s
      At line 291 in file RTE\Device\MSP432E401Y\startup_msp432e401y_uvision.s

TIMER2B_IRQHandler 0000001A

Symbol: TIMER2B_IRQHandler
   Definitions
      At line 393 in file RTE\Device\MSP432E401Y\startup_msp432e401y_uvision.s
   Uses
      At line 115 in file RTE\Device\MSP432E401Y\startup_msp432e401y_uvision.s
      At line 292 in file RTE\Device\MSP432E401Y\startup_msp432e401y_uvision.s

TIMER3A_IRQHandler 0000001A

Symbol: TIMER3A_IRQHandler
   Definitions
      At line 404 in file RTE\Device\MSP432E401Y\startup_msp432e401y_uvision.s
   Uses
      At line 126 in file RTE\Device\MSP432E401Y\startup_msp432e401y_uvision.s
      At line 303 in file RTE\Device\MSP432E401Y\startup_msp432e401y_uvision.s

TIMER3B_IRQHandler 0000001A

Symbol: TIMER3B_IRQHandler
   Definitions
      At line 405 in file RTE\Device\MSP432E401Y\startup_msp432e401y_uvision.s
   Uses
      At line 127 in file RTE\Device\MSP432E401Y\startup_msp432e401y_uvision.s
      At line 304 in file RTE\Device\MSP432E401Y\startup_msp432e401y_uvision.s

TIMER4A_IRQHandler 0000001A

Symbol: TIMER4A_IRQHandler
   Definitions
      At line 432 in file RTE\Device\MSP432E401Y\startup_msp432e401y_uvision.s
   Uses
      At line 154 in file RTE\Device\MSP432E401Y\startup_msp432e401y_uvision.s
      At line 331 in file RTE\Device\MSP432E401Y\startup_msp432e401y_uvision.s




ARM Macro Assembler    Page 15 Alphabetic symbol ordering
Relocatable symbols

TIMER4B_IRQHandler 0000001A

Symbol: TIMER4B_IRQHandler
   Definitions
      At line 433 in file RTE\Device\MSP432E401Y\startup_msp432e401y_uvision.s
   Uses
      At line 155 in file RTE\Device\MSP432E401Y\startup_msp432e401y_uvision.s
      At line 332 in file RTE\Device\MSP432E401Y\startup_msp432e401y_uvision.s

TIMER5A_IRQHandler 0000001A

Symbol: TIMER5A_IRQHandler
   Definitions
      At line 434 in file RTE\Device\MSP432E401Y\startup_msp432e401y_uvision.s
   Uses
      At line 156 in file RTE\Device\MSP432E401Y\startup_msp432e401y_uvision.s
      At line 333 in file RTE\Device\MSP432E401Y\startup_msp432e401y_uvision.s

TIMER5B_IRQHandler 0000001A

Symbol: TIMER5B_IRQHandler
   Definitions
      At line 435 in file RTE\Device\MSP432E401Y\startup_msp432e401y_uvision.s
   Uses
      At line 157 in file RTE\Device\MSP432E401Y\startup_msp432e401y_uvision.s
      At line 334 in file RTE\Device\MSP432E401Y\startup_msp432e401y_uvision.s

TIMER6A_IRQHandler 0000001A

Symbol: TIMER6A_IRQHandler
   Definitions
      At line 461 in file RTE\Device\MSP432E401Y\startup_msp432e401y_uvision.s
   Uses
      At line 189 in file RTE\Device\MSP432E401Y\startup_msp432e401y_uvision.s
      At line 360 in file RTE\Device\MSP432E401Y\startup_msp432e401y_uvision.s

TIMER6B_IRQHandler 0000001A

Symbol: TIMER6B_IRQHandler
   Definitions
      At line 462 in file RTE\Device\MSP432E401Y\startup_msp432e401y_uvision.s
   Uses
      At line 190 in file RTE\Device\MSP432E401Y\startup_msp432e401y_uvision.s
      At line 361 in file RTE\Device\MSP432E401Y\startup_msp432e401y_uvision.s

TIMER7A_IRQHandler 0000001A

Symbol: TIMER7A_IRQHandler
   Definitions
      At line 463 in file RTE\Device\MSP432E401Y\startup_msp432e401y_uvision.s
   Uses
      At line 191 in file RTE\Device\MSP432E401Y\startup_msp432e401y_uvision.s
      At line 362 in file RTE\Device\MSP432E401Y\startup_msp432e401y_uvision.s

TIMER7B_IRQHandler 0000001A

Symbol: TIMER7B_IRQHandler
   Definitions
      At line 464 in file RTE\Device\MSP432E401Y\startup_msp432e401y_uvision.s



ARM Macro Assembler    Page 16 Alphabetic symbol ordering
Relocatable symbols

   Uses
      At line 192 in file RTE\Device\MSP432E401Y\startup_msp432e401y_uvision.s
      At line 363 in file RTE\Device\MSP432E401Y\startup_msp432e401y_uvision.s

UART0_IRQHandler 0000001A

Symbol: UART0_IRQHandler
   Definitions
      At line 374 in file RTE\Device\MSP432E401Y\startup_msp432e401y_uvision.s
   Uses
      At line 96 in file RTE\Device\MSP432E401Y\startup_msp432e401y_uvision.s
      At line 273 in file RTE\Device\MSP432E401Y\startup_msp432e401y_uvision.s

UART1_IRQHandler 0000001A

Symbol: UART1_IRQHandler
   Definitions
      At line 375 in file RTE\Device\MSP432E401Y\startup_msp432e401y_uvision.s
   Uses
      At line 97 in file RTE\Device\MSP432E401Y\startup_msp432e401y_uvision.s
      At line 274 in file RTE\Device\MSP432E401Y\startup_msp432e401y_uvision.s

UART2_IRQHandler 0000001A

Symbol: UART2_IRQHandler
   Definitions
      At line 402 in file RTE\Device\MSP432E401Y\startup_msp432e401y_uvision.s
   Uses
      At line 124 in file RTE\Device\MSP432E401Y\startup_msp432e401y_uvision.s
      At line 301 in file RTE\Device\MSP432E401Y\startup_msp432e401y_uvision.s

UART3_IRQHandler 0000001A

Symbol: UART3_IRQHandler
   Definitions
      At line 425 in file RTE\Device\MSP432E401Y\startup_msp432e401y_uvision.s
   Uses
      At line 147 in file RTE\Device\MSP432E401Y\startup_msp432e401y_uvision.s
      At line 324 in file RTE\Device\MSP432E401Y\startup_msp432e401y_uvision.s

UART4_IRQHandler 0000001A

Symbol: UART4_IRQHandler
   Definitions
      At line 426 in file RTE\Device\MSP432E401Y\startup_msp432e401y_uvision.s
   Uses
      At line 148 in file RTE\Device\MSP432E401Y\startup_msp432e401y_uvision.s
      At line 325 in file RTE\Device\MSP432E401Y\startup_msp432e401y_uvision.s

UART5_IRQHandler 0000001A

Symbol: UART5_IRQHandler
   Definitions
      At line 427 in file RTE\Device\MSP432E401Y\startup_msp432e401y_uvision.s
   Uses
      At line 149 in file RTE\Device\MSP432E401Y\startup_msp432e401y_uvision.s
      At line 326 in file RTE\Device\MSP432E401Y\startup_msp432e401y_uvision.s

UART6_IRQHandler 0000001A



ARM Macro Assembler    Page 17 Alphabetic symbol ordering
Relocatable symbols


Symbol: UART6_IRQHandler
   Definitions
      At line 428 in file RTE\Device\MSP432E401Y\startup_msp432e401y_uvision.s
   Uses
      At line 150 in file RTE\Device\MSP432E401Y\startup_msp432e401y_uvision.s
      At line 327 in file RTE\Device\MSP432E401Y\startup_msp432e401y_uvision.s

UART7_IRQHandler 0000001A

Symbol: UART7_IRQHandler
   Definitions
      At line 429 in file RTE\Device\MSP432E401Y\startup_msp432e401y_uvision.s
   Uses
      At line 151 in file RTE\Device\MSP432E401Y\startup_msp432e401y_uvision.s
      At line 328 in file RTE\Device\MSP432E401Y\startup_msp432e401y_uvision.s

UDMAERR_IRQHandler 0000001A

Symbol: UDMAERR_IRQHandler
   Definitions
      At line 414 in file RTE\Device\MSP432E401Y\startup_msp432e401y_uvision.s
   Uses
      At line 136 in file RTE\Device\MSP432E401Y\startup_msp432e401y_uvision.s
      At line 313 in file RTE\Device\MSP432E401Y\startup_msp432e401y_uvision.s

UDMA_IRQHandler 0000001A

Symbol: UDMA_IRQHandler
   Definitions
      At line 413 in file RTE\Device\MSP432E401Y\startup_msp432e401y_uvision.s
   Uses
      At line 135 in file RTE\Device\MSP432E401Y\startup_msp432e401y_uvision.s
      At line 312 in file RTE\Device\MSP432E401Y\startup_msp432e401y_uvision.s

USB0_IRQHandler 0000001A

Symbol: USB0_IRQHandler
   Definitions
      At line 411 in file RTE\Device\MSP432E401Y\startup_msp432e401y_uvision.s
   Uses
      At line 133 in file RTE\Device\MSP432E401Y\startup_msp432e401y_uvision.s
      At line 310 in file RTE\Device\MSP432E401Y\startup_msp432e401y_uvision.s

UsageFault_Handler 00000010

Symbol: UsageFault_Handler
   Definitions
      At line 245 in file RTE\Device\MSP432E401Y\startup_msp432e401y_uvision.s
   Uses
      At line 79 in file RTE\Device\MSP432E401Y\startup_msp432e401y_uvision.s
      At line 246 in file RTE\Device\MSP432E401Y\startup_msp432e401y_uvision.s

WATCHDOG_IRQHandler 0000001A

Symbol: WATCHDOG_IRQHandler
   Definitions
      At line 387 in file RTE\Device\MSP432E401Y\startup_msp432e401y_uvision.s
   Uses



ARM Macro Assembler    Page 18 Alphabetic symbol ordering
Relocatable symbols

      At line 109 in file RTE\Device\MSP432E401Y\startup_msp432e401y_uvision.s
      At line 286 in file RTE\Device\MSP432E401Y\startup_msp432e401y_uvision.s

__user_initial_stackheap 0000001C

Symbol: __user_initial_stackheap
   Definitions
      At line 489 in file RTE\Device\MSP432E401Y\startup_msp432e401y_uvision.s
   Uses
      At line 487 in file RTE\Device\MSP432E401Y\startup_msp432e401y_uvision.s
Comment: __user_initial_stackheap used once
113 symbols



ARM Macro Assembler    Page 1 Alphabetic symbol ordering
Absolute symbols

Heap_Size 00000000

Symbol: Heap_Size
   Definitions
      At line 54 in file RTE\Device\MSP432E401Y\startup_msp432e401y_uvision.s
   Uses
      At line 58 in file RTE\Device\MSP432E401Y\startup_msp432e401y_uvision.s
      At line 492 in file RTE\Device\MSP432E401Y\startup_msp432e401y_uvision.s

Stack_Size 00000200

Symbol: Stack_Size
   Definitions
      At line 43 in file RTE\Device\MSP432E401Y\startup_msp432e401y_uvision.s
   Uses
      At line 46 in file RTE\Device\MSP432E401Y\startup_msp432e401y_uvision.s
      At line 491 in file RTE\Device\MSP432E401Y\startup_msp432e401y_uvision.s

__Vectors_Size 000001FC

Symbol: __Vectors_Size
   Definitions
      At line 205 in file RTE\Device\MSP432E401Y\startup_msp432e401y_uvision.s
   Uses
      At line 71 in file RTE\Device\MSP432E401Y\startup_msp432e401y_uvision.s
Comment: __Vectors_Size used once
3 symbols



ARM Macro Assembler    Page 1 Alphabetic symbol ordering
External symbols

SystemInit 00000000

Symbol: SystemInit
   Definitions
      At line 214 in file RTE\Device\MSP432E401Y\startup_msp432e401y_uvision.s
   Uses
      At line 216 in file RTE\Device\MSP432E401Y\startup_msp432e401y_uvision.s
Comment: SystemInit used once
__main 00000000

Symbol: __main
   Definitions
      At line 215 in file RTE\Device\MSP432E401Y\startup_msp432e401y_uvision.s
   Uses
      At line 218 in file RTE\Device\MSP432E401Y\startup_msp432e401y_uvision.s
Comment: __main used once
__use_two_region_memory 00000000

Symbol: __use_two_region_memory
   Definitions
      At line 486 in file RTE\Device\MSP432E401Y\startup_msp432e401y_uvision.s
   Uses
      None
Comment: __use_two_region_memory unused
3 symbols
468 symbols in table
